<?xml version="1.0" encoding="UTF-8"?><testrun name="NavigateToUrlTest" project="Selenium" tests="1" started="1" failures="0" errors="1" ignored="0">
  <testsuite name="NavigateToUrlTest" time="0.046">
    <testcase name="testTitle" classname="NavigateToUrlTest" time="0.046">
      <error>java.lang.NoClassDefFoundError: com/google/common/base/Function&#13;
	at NavigateToUrlTest.setUp(NavigateToUrlTest.java:15)&#13;
	at sun.reflect.NativeMethodAccessorImpl.invoke0(Native Method)&#13;
	at sun.reflect.NativeMethodAccessorImpl.invoke(NativeMethodAccessorImpl.java:57)&#13;
	at sun.reflect.DelegatingMethodAccessorImpl.invoke(DelegatingMethodAccessorImpl.java:43)&#13;
	at java.lang.reflect.Method.invoke(Method.java:601)&#13;
	at org.junit.runners.model.FrameworkMethod$1.runReflectiveCall(FrameworkMethod.java:44)&#13;
	at org.junit.internal.runners.model.ReflectiveCallable.run(ReflectiveCallable.java:15)&#13;
	at org.junit.runners.model.FrameworkMethod.invokeExplosively(FrameworkMethod.java:41)&#13;
	at org.junit.internal.runners.statements.RunBefores.evaluate(RunBefores.java:27)&#13;
	at org.junit.runners.BlockJUnit4ClassRunner.runNotIgnored(BlockJUnit4ClassRunner.java:79)&#13;
	at org.junit.runners.BlockJUnit4ClassRunner.runChild(BlockJUnit4ClassRunner.java:71)&#13;
	at org.junit.runners.BlockJUnit4ClassRunner.runChild(BlockJUnit4ClassRunner.java:49)&#13;
	at org.junit.runners.ParentRunner$3.run(ParentRunner.java:193)&#13;
	at org.junit.runners.ParentRunner$1.schedule(ParentRunner.java:52)&#13;
	at org.junit.runners.ParentRunner.runChildren(ParentRunner.java:191)&#13;
	at org.junit.runners.ParentRunner.access$000(ParentRunner.java:42)&#13;
	at org.junit.runners.ParentRunner$2.evaluate(ParentRunner.java:184)&#13;
	at org.junit.runners.ParentRunner.run(ParentRunner.java:236)&#13;
	at org.eclipse.jdt.internal.junit4.runner.JUnit4TestReference.run(JUnit4TestReference.java:50)&#13;
	at org.eclipse.jdt.internal.junit.runner.TestExecution.run(TestExecution.java:38)&#13;
	at org.eclipse.jdt.internal.junit.runner.RemoteTestRunner.runTests(RemoteTestRunner.java:467)&#13;
	at org.eclipse.jdt.internal.junit.runner.RemoteTestRunner.runTests(RemoteTestRunner.java:683)&#13;
	at org.eclipse.jdt.internal.junit.runner.RemoteTestRunner.run(RemoteTestRunner.java:390)&#13;
	at org.eclipse.jdt.internal.junit.runner.RemoteTestRunner.main(RemoteTestRunner.java:197)&#13;
Caused by: java.lang.ClassNotFoundException: com.google.common.base.Function&#13;
	at java.net.URLClassLoader$1.run(URLClassLoader.java:366)&#13;
	at java.net.URLClassLoader$1.run(URLClassLoader.java:355)&#13;
	at java.security.AccessController.doPrivileged(Native Method)&#13;
	at java.net.URLClassLoader.findClass(URLClassLoader.java:354)&#13;
	at java.lang.ClassLoader.loadClass(ClassLoader.java:423)&#13;
	at sun.misc.Launcher$AppClassLoader.loadClass(Launcher.java:308)&#13;
	at java.lang.ClassLoader.loadClass(ClassLoader.java:356)&#13;
	... 24 more&#13;
&#13;
</error>
    </testcase>
  </testsuite>
</testrun>
